0 info it worked if it ends with ok
1 verbose cli [ '/Users/simb/.nvm/versions/node/v6.10.2/bin/node',
1 verbose cli   '/Users/simb/.nvm/versions/node/v6.10.2/bin/npm',
1 verbose cli   'start' ]
2 info using npm@3.10.10
3 info using node@v6.10.2
4 verbose run-script [ 'prestart', 'start', 'poststart' ]
5 info lifecycle media-library-demo-app@1.0.0~prestart: media-library-demo-app@1.0.0
6 silly lifecycle media-library-demo-app@1.0.0~prestart: no script for prestart, continuing
7 info lifecycle media-library-demo-app@1.0.0~start: media-library-demo-app@1.0.0
8 verbose lifecycle media-library-demo-app@1.0.0~start: unsafe-perm in lifecycle true
9 verbose lifecycle media-library-demo-app@1.0.0~start: PATH: /Users/simb/.nvm/versions/node/v6.10.2/lib/node_modules/npm/bin/node-gyp-bin:/Users/simb/dev/apps/media-library-demo-app/node_modules/.bin:/Users/simb/.nvm/versions/node/v6.10.2/bin:/Users/simb/.rvm/gems/ruby-2.2.1/bin:/Users/simb/.rvm/gems/ruby-2.2.1@global/bin:/Users/simb/.rvm/rubies/ruby-2.2.1/bin:/usr/local/opt/php56/bin:/usr/local/bin:/usr/bin:/bin:/usr/sbin:/sbin:/usr/local/bin:/usr/local/git/bin:/usr/local/munki:/Users/simb/dev/ScalaTraining/activator-1.3.2:/Users/simb/.rvm/bin:/Users/simb/.rvm/bin:/usr/local/go/bin:/Users/simb/go/bin
10 verbose lifecycle media-library-demo-app@1.0.0~start: CWD: /Users/simb/dev/apps/media-library-demo-app
11 silly lifecycle media-library-demo-app@1.0.0~start: Args: [ '-c', 'node ./bin/www' ]
12 silly lifecycle media-library-demo-app@1.0.0~start: Returned: code: 1  signal: null
13 info lifecycle media-library-demo-app@1.0.0~start: Failed to exec start script
14 verbose stack Error: media-library-demo-app@1.0.0 start: `node ./bin/www`
14 verbose stack Exit status 1
14 verbose stack     at EventEmitter.<anonymous> (/Users/simb/.nvm/versions/node/v6.10.2/lib/node_modules/npm/lib/utils/lifecycle.js:255:16)
14 verbose stack     at emitTwo (events.js:106:13)
14 verbose stack     at EventEmitter.emit (events.js:191:7)
14 verbose stack     at ChildProcess.<anonymous> (/Users/simb/.nvm/versions/node/v6.10.2/lib/node_modules/npm/lib/utils/spawn.js:40:14)
14 verbose stack     at emitTwo (events.js:106:13)
14 verbose stack     at ChildProcess.emit (events.js:191:7)
14 verbose stack     at maybeClose (internal/child_process.js:886:16)
14 verbose stack     at Process.ChildProcess._handle.onexit (internal/child_process.js:226:5)
15 verbose pkgid media-library-demo-app@1.0.0
16 verbose cwd /Users/simb/dev/apps/media-library-demo-app/views
17 error Darwin 15.6.0
18 error argv "/Users/simb/.nvm/versions/node/v6.10.2/bin/node" "/Users/simb/.nvm/versions/node/v6.10.2/bin/npm" "start"
19 error node v6.10.2
20 error npm  v3.10.10
21 error code ELIFECYCLE
22 error media-library-demo-app@1.0.0 start: `node ./bin/www`
22 error Exit status 1
23 error Failed at the media-library-demo-app@1.0.0 start script 'node ./bin/www'.
23 error Make sure you have the latest version of node.js and npm installed.
23 error If you do, this is most likely a problem with the media-library-demo-app package,
23 error not with npm itself.
23 error Tell the author that this fails on your system:
23 error     node ./bin/www
23 error You can get information on how to open an issue for this project with:
23 error     npm bugs media-library-demo-app
23 error Or if that isn't available, you can get their info via:
23 error     npm owner ls media-library-demo-app
23 error There is likely additional logging output above.
24 verbose exit [ 1, true ]
